<?xml version="1.0" encoding="UTF-8"?>
<!-- Generated by org.testng.reporters.JUnitReportReporter -->
<testsuite hostname="DESKTOP-NVASLPQ" failures="0" tests="1" name="dummyorgmodule.dummycreateorgTest" time="0.004" errors="0" timestamp="30 Dec 2021 11:39:32 GMT" skipped="0">
  <testcase classname="dummyorgmodule.dummycreateorgTest" name="dummycreatelnameTest" time="0.004"/>
</testsuite> <!-- dummyorgmodule.dummycreateorgTest -->
