<?xml version="1.0" encoding="UTF-8"?>
<!-- Generated by org.testng.reporters.JUnitReportReporter -->
<testsuite hostname="DESKTOP-NVASLPQ" failures="0" tests="2" name="dummyorgmodule.dummycreateorg" time="0.036" errors="0" timestamp="30 Dec 2021 10:10:21 GMT" skipped="0">
  <testcase classname="dummyorgmodule.dummycreateorg" name="dummycreateorgwithconTest" time="0.005"/>
  <testcase classname="dummyorgmodule.dummycreateorg" name="dummycreateorgTest" time="0.031"/>
</testsuite> <!-- dummyorgmodule.dummycreateorg -->
