<?xml version="1.0" encoding="UTF-8"?>
<!-- Generated by org.testng.reporters.JUnitReportReporter -->
<testsuite hostname="DESKTOP-NVASLPQ" failures="0" tests="1" name="dummyconmodule.dummycreateconTest" time="0.029" errors="0" timestamp="30 Dec 2021 11:39:32 GMT" skipped="0">
  <testcase classname="dummyconmodule.dummycreateconTest" name="dummycreateconwithorgTest" time="0.029"/>
</testsuite> <!-- dummyconmodule.dummycreateconTest -->
