<?xml version="1.0" encoding="UTF-8"?>
<!-- Generated by org.testng.reporters.JUnitReportReporter -->
<testsuite hostname="DESKTOP-NVASLPQ" failures="0" tests="1" name="dummybrowser.Launchingbrowser" time="7.625" errors="0" timestamp="30 Dec 2021 12:44:16 GMT" skipped="0">
  <testcase classname="dummybrowser.Launchingbrowser" name="launchingbrowser" time="7.625"/>
</testsuite> <!-- dummybrowser.Launchingbrowser -->
