<?xml version="1.0" encoding="UTF-8"?>
<!-- Generated by org.testng.reporters.JUnitReportReporter -->
<testsuite hostname="DESKTOP-NVASLPQ" failures="0" tests="1" name="dummyconmodule.dummycreateconTest$dummycreateconlnameTest" time="0.030" errors="0" timestamp="30 Dec 2021 11:11:32 GMT" skipped="0">
  <testcase classname="dummyconmodule.dummycreateconTest$dummycreateconlnameTest" name="dummycreatelnameTest" time="0.030"/>
</testsuite> <!-- dummyconmodule.dummycreateconTest$dummycreateconlnameTest -->
